c:\users\adamm\desktop\cs2450\datadump_cpp\datadump\debug\vc140.pdb
c:\users\adamm\desktop\cs2450\datadump_cpp\datadump\debug\.netframework,version=v4.5.2.assemblyattributes.obj
c:\users\adamm\desktop\cs2450\datadump_cpp\datadump\debug\.netframework,version=v4.5.2.assemblyattributes.asm
c:\users\adamm\desktop\cs2450\datadump_cpp\datadump\debug\datadumpui.obj
c:\users\adamm\desktop\cs2450\datadump_cpp\datadump\debug\datadump.datadumpui.resources
c:\users\adamm\desktop\cs2450\datadump_cpp\datadump\debug\datadump.exe
c:\users\adamm\desktop\cs2450\datadump_cpp\datadump\debug\datadump.pdb
c:\users\adamm\desktop\cs2450\datadump_cpp\datadump\debug\datadump.vcxproj.generateresource.cache
c:\users\adamm\desktop\cs2450\datadump_cpp\datadump\debug\datadump.vcxprojresolveassemblyreference.cache
c:\users\adamm\desktop\cs2450\datadump_cpp\datadump\debug\datadump.exe.metagen
c:\users\adamm\desktop\cs2450\datadump_cpp\datadump\debug\datadump.tlog\cl.command.1.tlog
c:\users\adamm\desktop\cs2450\datadump_cpp\datadump\debug\datadump.tlog\cl.read.1.tlog
c:\users\adamm\desktop\cs2450\datadump_cpp\datadump\debug\datadump.tlog\cl.write.1.tlog
c:\users\adamm\desktop\cs2450\datadump_cpp\datadump\debug\datadump.tlog\datadump.write.1u.tlog
c:\users\adamm\desktop\cs2450\datadump_cpp\datadump\debug\datadump.tlog\link.command.1.tlog
c:\users\adamm\desktop\cs2450\datadump_cpp\datadump\debug\datadump.tlog\link.read.1.tlog
c:\users\adamm\desktop\cs2450\datadump_cpp\datadump\debug\datadump.tlog\link.write.1.tlog
c:\users\adamm\desktop\cs2450\datadump_cpp\datadump\debug\datadump.tlog\metagen.read.1.tlog
c:\users\adamm\desktop\cs2450\datadump_cpp\datadump\debug\datadump.tlog\metagen.write.1.tlog
c:\users\adamm\desktop\cs2450\datadump_cpp\datadump\debug\datadump.tlog\tzres.dll.bi
